\BOOKMARK [1][-]{section.1}{\376\377\000I\000d\000e\000n\000t\000i\000f\000i\000c\000a\000c\000i\000\363\000\040\000d\000e\000l\000\040\000p\000r\000o\000b\000l\000e\000m\000a}{}% 1
\BOOKMARK [2][-]{subsection.1.1}{\376\377\000D\000e\000s\000c\000r\000i\000p\000c\000i\000\363\000\040\000d\000e\000l\000\040\000p\000r\000o\000b\000l\000e\000m\000a}{section.1}% 2
\BOOKMARK [2][-]{subsection.1.2}{\376\377\000A\000n\000\340\000l\000i\000s\000i\000\040\000d\000e\000\040\000v\000i\000a\000b\000i\000l\000i\000t\000a\000t}{section.1}% 3
\BOOKMARK [3][-]{subsubsection.1.2.1}{\376\377\000V\000i\000a\000b\000i\000l\000i\000t\000a\000t\000\040\000t\000\350\000c\000n\000i\000c\000a}{subsection.1.2}% 4
\BOOKMARK [3][-]{subsubsection.1.2.2}{\376\377\000V\000i\000a\000b\000i\000l\000i\000t\000a\000t\000\040\000d\000e\000\040\000d\000e\000s\000e\000n\000v\000o\000l\000u\000p\000a\000m\000e\000n\000t}{subsection.1.2}% 5
\BOOKMARK [3][-]{subsubsection.1.2.3}{\376\377\000L\000i\000m\000i\000t\000a\000c\000i\000o\000n\000s\000\040\000i\000d\000e\000n\000t\000i\000f\000i\000c\000a\000d\000e\000s}{subsection.1.2}% 6
\BOOKMARK [2][-]{subsection.1.3}{\376\377\000F\000o\000n\000t\000s\000\040\000d\000e\000\040\000c\000o\000n\000e\000i\000x\000e\000m\000e\000n\000t}{section.1}% 7
\BOOKMARK [3][-]{subsubsection.1.3.1}{\376\377\000F\000o\000n\000t\000s\000\040\000p\000r\000i\000m\000\340\000r\000i\000e\000s}{subsection.1.3}% 8
\BOOKMARK [3][-]{subsubsection.1.3.2}{\376\377\000F\000o\000n\000t\000s\000\040\000s\000e\000c\000u\000n\000d\000\340\000r\000i\000e\000s}{subsection.1.3}% 9
\BOOKMARK [2][-]{subsection.1.4}{\376\377\000O\000b\000j\000e\000c\000t\000i\000u\000s\000\040\000d\000e\000l\000\040\000s\000i\000s\000t\000e\000m\000a}{section.1}% 10
\BOOKMARK [3][-]{subsubsection.1.4.1}{\376\377\000O\000b\000j\000e\000c\000t\000i\000u\000s\000\040\000f\000u\000n\000c\000i\000o\000n\000a\000l\000s}{subsection.1.4}% 11
\BOOKMARK [3][-]{subsubsection.1.4.2}{\376\377\000O\000b\000j\000e\000c\000t\000i\000u\000s\000\040\000d\000e\000\040\000q\000u\000a\000l\000i\000t\000a\000t}{subsection.1.4}% 12
\BOOKMARK [2][-]{subsection.1.5}{\376\377\000R\000e\000s\000u\000l\000t\000a\000t\000s\000\040\000d\000e\000l\000\040\000s\000i\000s\000t\000e\000m\000a}{section.1}% 13
\BOOKMARK [3][-]{subsubsection.1.5.1}{\376\377\000P\000e\000r\000\040\000a\000\040\000c\000a\000d\000a\000\040\000s\000o\000l\000\267\000l\000i\000c\000i\000t\000a\000n\000t}{subsection.1.5}% 14
\BOOKMARK [3][-]{subsubsection.1.5.2}{\376\377\000P\000e\000r\000\040\000a\000\040\000c\000a\000d\000a\000\040\000o\000f\000e\000r\000t\000a\000\040\000r\000e\000c\000o\000m\000a\000n\000a\000d\000a}{subsection.1.5}% 15
\BOOKMARK [3][-]{subsubsection.1.5.3}{\376\377\000I\000n\000f\000o\000r\000m\000a\000c\000i\000\363\000\040\000c\000o\000m\000p\000l\000e\000m\000e\000n\000t\000\340\000r\000i\000a}{subsection.1.5}% 16
\BOOKMARK [1][-]{section.2}{\376\377\000C\000o\000n\000c\000e\000p\000t\000u\000a\000l\000i\000t\000z\000a\000c\000i\000\363}{}% 17
\BOOKMARK [2][-]{subsection.2.1}{\376\377\000C\000o\000n\000c\000e\000p\000t\000e\000s\000\040\000d\000e\000l\000\040\000d\000o\000m\000i\000n\000i}{section.2}% 18
\BOOKMARK [3][-]{subsubsection.2.1.1}{\376\377\000J\000e\000r\000a\000r\000q\000u\000i\000a\000\040\000d\000e\000\040\000s\000o\000l\000\267\000l\000i\000c\000i\000t\000a\000n\000t\000s}{subsection.2.1}% 19
\BOOKMARK [3][-]{subsubsection.2.1.2}{\376\377\000H\000a\000b\000i\000t\000a\000t\000g\000e\000s\000\040\000i\000\040\000l\000e\000s\000\040\000s\000e\000v\000e\000s\000\040\000c\000a\000r\000a\000c\000t\000e\000r\000\355\000s\000t\000i\000q\000u\000e\000s}{subsection.2.1}% 20
\BOOKMARK [3][-]{subsubsection.2.1.3}{\376\377\000S\000e\000r\000v\000e\000i\000s\000\040\000u\000r\000b\000a\000n\000s}{subsection.2.1}% 21
\BOOKMARK [3][-]{subsubsection.2.1.4}{\376\377\000L\000o\000c\000a\000l\000i\000t\000z\000a\000c\000i\000\363}{subsection.2.1}% 22
\BOOKMARK [3][-]{subsubsection.2.1.5}{\376\377\000O\000f\000e\000r\000t\000a}{subsection.2.1}% 23
\BOOKMARK [3][-]{subsubsection.2.1.6}{\376\377\000C\000o\000n\000c\000e\000p\000t\000e\000s\000\040\000a\000u\000x\000i\000l\000i\000a\000r\000s}{subsection.2.1}% 24
\BOOKMARK [2][-]{subsection.2.2}{\376\377\000D\000e\000s\000c\000o\000m\000p\000o\000s\000i\000c\000i\000\363\000\040\000e\000n\000\040\000p\000r\000o\000b\000l\000e\000m\000e\000s\000\040\000i\000\040\000s\000u\000b\000p\000r\000o\000b\000l\000e\000m\000e\000s}{section.2}% 25
\BOOKMARK [3][-]{subsubsection.2.2.1}{\376\377\000F\000a\000s\000e\000\040\0001\000:\000\040\000I\000n\000i\000c\000i\000a\000l\000i\000t\000z\000a\000c\000i\000\363}{subsection.2.2}% 26
\BOOKMARK [3][-]{subsubsection.2.2.2}{\376\377\000F\000a\000s\000e\000\040\0002\000:\000\040\000A\000b\000s\000t\000r\000a\000c\000c\000i\000\363}{subsection.2.2}% 27
\BOOKMARK [3][-]{subsubsection.2.2.3}{\376\377\000F\000a\000s\000e\000\040\0003\000:\000\040\000D\000e\000s\000c\000a\000r\000t}{subsection.2.2}% 28
\BOOKMARK [3][-]{subsubsection.2.2.4}{\376\377\000F\000a\000s\000e\000\040\0004\000:\000\040\000P\000u\000n\000t\000u\000a\000c\000i\000\363\000\040\000\050\000S\000c\000o\000r\000i\000n\000g\000\051}{subsection.2.2}% 29
\BOOKMARK [3][-]{subsubsection.2.2.5}{\376\377\000F\000a\000s\000e\000\040\0005\000:\000\040\000C\000l\000a\000s\000s\000i\000f\000i\000c\000a\000c\000i\000\363}{subsection.2.2}% 30
\BOOKMARK [3][-]{subsubsection.2.2.6}{\376\377\000F\000a\000s\000e\000\040\0006\000:\000\040\000P\000r\000e\000s\000e\000n\000t\000a\000c\000i\000\363}{subsection.2.2}% 31
\BOOKMARK [2][-]{subsection.2.3}{\376\377\000E\000x\000e\000m\000p\000l\000e\000s\000\040\000d\000e\000\040\000c\000o\000n\000e\000i\000x\000e\000m\000e\000n\000t\000\040\000e\000x\000p\000e\000r\000t}{section.2}% 32
\BOOKMARK [3][-]{subsubsection.2.3.1}{\376\377\000C\000o\000n\000t\000e\000x\000t\000\040\000d\000e\000\040\000l\000'\000e\000l\000i\000c\000i\000t\000a\000c\000i\000\363}{subsection.2.3}% 33
\BOOKMARK [3][-]{subsubsection.2.3.2}{\376\377\000E\000x\000e\000m\000p\000l\000e\000\040\0001\000:\000\040\000G\000e\000s\000t\000i\000\363\000\040\000d\000e\000l\000\040\000p\000r\000e\000s\000s\000u\000p\000o\000s\000t\000\040\000m\000\340\000x\000i\000m}{subsection.2.3}% 34
\BOOKMARK [3][-]{subsubsection.2.3.3}{\376\377\000E\000x\000e\000m\000p\000l\000e\000\040\0002\000:\000\040\000M\000i\000d\000a\000\040\000m\000\355\000n\000i\000m\000a\000\040\000v\000i\000a\000b\000l\000e\000\040\000d\000e\000\040\000l\000'\000h\000a\000b\000i\000t\000a\000t\000g\000e}{subsection.2.3}% 35
\BOOKMARK [3][-]{subsubsection.2.3.4}{\376\377\000E\000x\000e\000m\000p\000l\000e\000\040\0003\000:\000\040\000F\000a\000m\000\355\000l\000i\000e\000s\000\040\000a\000m\000b\000\040\000f\000i\000l\000l\000s\000\040\000p\000e\000t\000i\000t\000s}{subsection.2.3}% 36
\BOOKMARK [3][-]{subsubsection.2.3.5}{\376\377\000E\000x\000e\000m\000p\000l\000e\000\040\0004\000:\000\040\000G\000r\000u\000p\000s\000\040\000d\000'\000e\000s\000t\000u\000d\000i\000a\000n\000t\000s}{subsection.2.3}% 37
\BOOKMARK [3][-]{subsubsection.2.3.6}{\376\377\000E\000x\000e\000m\000p\000l\000e\000\040\0005\000:\000\040\000P\000e\000r\000s\000o\000n\000e\000s\000\040\000g\000r\000a\000n\000s}{subsection.2.3}% 38
\BOOKMARK [3][-]{subsubsection.2.3.7}{\376\377\000E\000x\000e\000m\000p\000l\000e\000\040\0006\000:\000\040\000C\000r\000i\000t\000e\000r\000i\000s\000\040\000d\000e\000\040\000c\000l\000a\000s\000s\000i\000f\000i\000c\000a\000c\000i\000\363\000\040\000d\000e\000\040\000r\000e\000c\000o\000m\000a\000n\000a\000c\000i\000o\000n\000s}{subsection.2.3}% 39
\BOOKMARK [2][-]{subsection.2.4}{\376\377\000D\000e\000s\000c\000r\000i\000p\000c\000i\000\363\000\040\000i\000n\000f\000o\000r\000m\000a\000l\000\040\000d\000e\000l\000\040\000p\000r\000o\000c\000\351\000s\000\040\000d\000e\000\040\000r\000e\000s\000o\000l\000u\000c\000i\000\363}{section.2}% 40
\BOOKMARK [3][-]{subsubsection.2.4.1}{\376\377\000E\000s\000c\000e\000n\000a\000r\000i\000\040\000d\000'\000\372\000s\000\040\000t\000\355\000p\000i\000c}{subsection.2.4}% 41
\BOOKMARK [3][-]{subsubsection.2.4.2}{\376\377\000F\000l\000u\000x\000\040\000g\000e\000n\000e\000r\000a\000l\000\040\000d\000e\000l\000\040\000s\000i\000s\000t\000e\000m\000a}{subsection.2.4}% 42
\BOOKMARK [1][-]{section.3}{\376\377\000F\000o\000r\000m\000a\000l\000i\000t\000z\000a\000c\000i\000\363}{}% 43
\BOOKMARK [2][-]{subsection.3.1}{\376\377\000I\000n\000t\000r\000o\000d\000u\000c\000c\000i\000\363}{section.3}% 44
\BOOKMARK [2][-]{subsection.3.2}{\376\377\000P\000r\000o\000c\000\351\000s\000\040\000d\000e\000\040\000C\000o\000n\000s\000t\000r\000u\000c\000c\000i\000\363\000\040\000d\000e\000\040\000l\000'\000O\000n\000t\000o\000l\000o\000g\000i\000a}{section.3}% 45
\BOOKMARK [3][-]{subsubsection.3.2.1}{\376\377\000M\000e\000t\000o\000d\000o\000l\000o\000g\000i\000a\000\040\000A\000p\000l\000i\000c\000a\000d\000a}{subsection.3.2}% 46
\BOOKMARK [2][-]{subsection.3.3}{\376\377\000D\000e\000s\000c\000r\000i\000p\000c\000i\000\363\000\040\000d\000e\000\040\000l\000'\000O\000n\000t\000o\000l\000o\000g\000i\000a}{section.3}% 47
\BOOKMARK [3][-]{subsubsection.3.3.1}{\376\377\000V\000i\000s\000i\000\363\000\040\000G\000e\000n\000e\000r\000a\000l}{subsection.3.3}% 48
\BOOKMARK [3][-]{subsubsection.3.3.2}{\376\377\000J\000e\000r\000a\000r\000q\000u\000i\000a\000\040\000d\000e\000\040\000C\000l\000a\000s\000s\000e\000s}{subsection.3.3}% 49
\BOOKMARK [2][-]{subsection.3.4}{\376\377\000R\000e\000l\000a\000c\000i\000o\000n\000s\000\040\000e\000n\000t\000r\000e\000\040\000C\000o\000n\000c\000e\000p\000t\000e\000s}{section.3}% 50
\BOOKMARK [2][-]{subsection.3.5}{\376\377\000D\000e\000s\000c\000r\000i\000p\000c\000i\000\363\000\040\000d\000e\000l\000s\000\040\000a\000t\000r\000i\000b\000u\000t\000s}{section.3}% 51
\BOOKMARK [3][-]{subsubsection.3.5.1}{\376\377\000A\000t\000r\000i\000b\000u\000t\000s\000\040\000d\000e\000\040\000S\000o\000l\000i\000c\000i\000t\000a\000n\000t}{subsection.3.5}% 52
\BOOKMARK [3][-]{subsubsection.3.5.2}{\376\377\000A\000t\000r\000i\000b\000u\000t\000s\000\040\000d\000'\000H\000a\000b\000i\000t\000a\000t\000g\000e}{subsection.3.5}% 53
\BOOKMARK [3][-]{subsubsection.3.5.3}{\376\377\000A\000t\000r\000i\000b\000u\000t\000s\000\040\000d\000e\000\040\000S\000e\000r\000v\000e\000i}{subsection.3.5}% 54
\BOOKMARK [3][-]{subsubsection.3.5.4}{\376\377\000A\000t\000r\000i\000b\000u\000t\000s\000\040\000d\000e\000\040\000L\000o\000c\000a\000l\000i\000t\000z\000a\000c\000i\000\363}{subsection.3.5}% 55
\BOOKMARK [3][-]{subsubsection.3.5.5}{\376\377\000A\000t\000r\000i\000b\000u\000t\000s\000\040\000d\000'\000O\000f\000e\000r\000t\000a}{subsection.3.5}% 56
\BOOKMARK [2][-]{subsection.3.6}{\376\377\000C\000o\000n\000c\000l\000u\000s\000i\000o\000n\000s}{section.3}% 57
\BOOKMARK [1][-]{section.4}{\376\377\000I\000m\000p\000l\000e\000m\000e\000n\000t\000a\000c\000i\000\363}{}% 58
\BOOKMARK [2][-]{subsection.4.1}{\376\377\000R\000e\000p\000r\000e\000s\000e\000n\000t\000a\000c\000i\000\363\000\040\000d\000e\000\040\000l\000'\000o\000n\000t\000o\000l\000o\000g\000i\000a}{section.4}% 59
\BOOKMARK [3][-]{subsubsection.4.1.1}{\376\377\000T\000r\000a\000d\000u\000c\000c\000i\000\363\000\040\000a\000u\000t\000o\000m\000\340\000t\000i\000c\000a\000\040\000a\000m\000b\000\040\000o\000w\000l\0002\000c\000l\000i\000p\000s}{subsection.4.1}% 60
\BOOKMARK [3][-]{subsubsection.4.1.2}{\376\377\000E\000s\000t\000r\000u\000c\000t\000u\000r\000a\000\040\000d\000e\000\040\000l\000e\000s\000\040\000c\000l\000a\000s\000s\000e\000s}{subsection.4.1}% 61
\BOOKMARK [3][-]{subsubsection.4.1.3}{\376\377\000R\000e\000p\000r\000e\000s\000e\000n\000t\000a\000c\000i\000\363\000\040\000d\000'\000h\000a\000b\000i\000t\000a\000t\000g\000e\000s\000\040\000i\000\040\000s\000e\000r\000v\000e\000i\000s}{subsection.4.1}% 62
\BOOKMARK [3][-]{subsubsection.4.1.4}{\376\377\000R\000e\000l\000a\000c\000i\000o\000n\000s\000\040\000e\000n\000t\000r\000e\000\040\000o\000b\000j\000e\000c\000t\000e\000s}{subsection.4.1}% 63
\BOOKMARK [3][-]{subsubsection.4.1.5}{\376\377\000T\000e\000m\000p\000l\000a\000t\000e\000s\000\040\000p\000e\000r\000\040\000a\000\040\000f\000e\000t\000s\000\040\000t\000e\000m\000p\000o\000r\000a\000l\000s}{subsection.4.1}% 64
\BOOKMARK [2][-]{subsection.4.2}{\376\377\000M\000o\000d\000u\000l\000a\000r\000i\000t\000z\000a\000c\000i\000\363\000\040\000d\000e\000l\000\040\000s\000i\000s\000t\000e\000m\000a}{section.4}% 65
\BOOKMARK [3][-]{subsubsection.4.2.1}{\376\377\000C\000o\000n\000t\000r\000o\000l\000\040\000d\000e\000\040\000f\000l\000u\000x\000\040\000a\000m\000b\000\040\000f\000a\000s\000e\000s}{subsection.4.2}% 66
\BOOKMARK [3][-]{subsubsection.4.2.2}{\376\377\000F\000a\000s\000e\000\040\000d\000'\000i\000n\000i\000c\000i\000a\000l\000i\000t\000z\000a\000c\000i\000\363}{subsection.4.2}% 67
\BOOKMARK [3][-]{subsubsection.4.2.3}{\376\377\000F\000a\000s\000e\000\040\000d\000'\000a\000b\000s\000t\000r\000a\000c\000c\000i\000\363}{subsection.4.2}% 68
\BOOKMARK [3][-]{subsubsection.4.2.4}{\376\377\000F\000a\000s\000e\000\040\000d\000e\000\040\000d\000e\000s\000c\000a\000r\000t}{subsection.4.2}% 69
\BOOKMARK [3][-]{subsubsection.4.2.5}{\376\377\000F\000a\000s\000e\000\040\000d\000e\000\040\000p\000u\000n\000t\000u\000a\000c\000i\000\363}{subsection.4.2}% 70
\BOOKMARK [3][-]{subsubsection.4.2.6}{\376\377\000F\000a\000s\000e\000\040\000d\000e\000\040\000c\000l\000a\000s\000s\000i\000f\000i\000c\000a\000c\000i\000\363}{subsection.4.2}% 71
\BOOKMARK [3][-]{subsubsection.4.2.7}{\376\377\000F\000a\000s\000e\000\040\000d\000e\000\040\000p\000r\000e\000s\000e\000n\000t\000a\000c\000i\000\363}{subsection.4.2}% 72
\BOOKMARK [2][-]{subsection.4.3}{\376\377\000I\000m\000p\000l\000e\000m\000e\000n\000t\000a\000c\000i\000\363\000\040\000d\000e\000\040\000l\000a\000\040\000m\000e\000t\000o\000d\000o\000l\000o\000g\000i\000a\000\040\000d\000e\000\040\000c\000l\000a\000s\000s\000i\000f\000i\000c\000a\000c\000i\000\363\000\040\000h\000e\000u\000r\000\355\000s\000t\000i\000c\000a}{section.4}% 73
\BOOKMARK [3][-]{subsubsection.4.3.1}{\376\377\000A\000b\000s\000t\000r\000a\000c\000c\000i\000\363}{subsection.4.3}% 74
\BOOKMARK [3][-]{subsubsection.4.3.2}{\376\377\000M\000a\000t\000c\000h\000i\000n\000g\000\040\000h\000e\000u\000r\000\355\000s\000t\000i\000c}{subsection.4.3}% 75
\BOOKMARK [3][-]{subsubsection.4.3.3}{\376\377\000R\000e\000f\000i\000n\000a\000m\000e\000n\000t}{subsection.4.3}% 76
\BOOKMARK [3][-]{subsubsection.4.3.4}{\376\377\000J\000u\000s\000t\000i\000f\000i\000c\000a\000c\000i\000\363}{subsection.4.3}% 77
\BOOKMARK [2][-]{subsection.4.4}{\376\377\000D\000e\000s\000e\000n\000v\000o\000l\000u\000p\000a\000m\000e\000n\000t\000\040\000i\000n\000c\000r\000e\000m\000e\000n\000t\000a\000l\000\040\000i\000\040\000p\000r\000o\000t\000o\000t\000i\000p\000a\000t\000g\000e}{section.4}% 78
\BOOKMARK [3][-]{subsubsection.4.4.1}{\376\377\000P\000r\000o\000t\000o\000t\000i\000p\000\040\0000\000:\000\040\000E\000s\000t\000r\000u\000c\000t\000u\000r\000a\000\040\000b\000\340\000s\000i\000c\000a}{subsection.4.4}% 79
\BOOKMARK [3][-]{subsubsection.4.4.2}{\376\377\000P\000r\000o\000t\000o\000t\000i\000p\000\040\0001\000:\000\040\000C\000\340\000l\000c\000u\000l\000\040\000d\000e\000\040\000p\000r\000o\000x\000i\000m\000i\000t\000a\000t\000s\000\040\000i\000\040\000d\000e\000s\000c\000a\000r\000t\000\040\000b\000\340\000s\000i\000c}{subsection.4.4}% 80
\BOOKMARK [3][-]{subsubsection.4.4.3}{\376\377\000P\000r\000o\000t\000o\000t\000i\000p\000\040\0002\000:\000\040\000C\000l\000a\000s\000s\000i\000f\000i\000c\000a\000c\000i\000\363\000\040\000d\000e\000\040\000s\000o\000l\000\267\000l\000i\000c\000i\000t\000a\000n\000t\000s}{subsection.4.4}% 81
\BOOKMARK [3][-]{subsubsection.4.4.4}{\376\377\000P\000r\000o\000t\000o\000t\000i\000p\000\040\0003\000:\000\040\000I\000n\000f\000e\000r\000\350\000n\000c\000i\000a\000\040\000d\000e\000\040\000r\000e\000q\000u\000i\000s\000i\000t\000s\000\040\000i\000\040\000p\000u\000n\000t\000u\000a\000c\000i\000\363\000\040\000b\000\340\000s\000i\000c\000a}{subsection.4.4}% 82
\BOOKMARK [3][-]{subsubsection.4.4.5}{\376\377\000P\000r\000o\000t\000o\000t\000i\000p\000\040\0004\000:\000\040\000E\000x\000p\000a\000n\000s\000i\000\363\000\040\000d\000e\000l\000\040\000c\000o\000n\000e\000i\000x\000e\000m\000e\000n\000t}{subsection.4.4}% 83
\BOOKMARK [3][-]{subsubsection.4.4.6}{\376\377\000P\000r\000o\000t\000o\000t\000i\000p\000\040\0005\000:\000\040\000P\000r\000e\000s\000e\000n\000t\000a\000c\000i\000\363\000\040\000i\000\040\000r\000e\000f\000i\000n\000a\000m\000e\000n\000t\000\040\000f\000i\000n\000a\000l}{subsection.4.4}% 84
\BOOKMARK [3][-]{subsubsection.4.4.7}{\376\377\000B\000e\000n\000e\000f\000i\000c\000i\000s\000\040\000d\000e\000l\000\040\000d\000e\000s\000e\000n\000v\000o\000l\000u\000p\000a\000m\000e\000n\000t\000\040\000i\000n\000c\000r\000e\000m\000e\000n\000t\000a\000l}{subsection.4.4}% 85
\BOOKMARK [2][-]{subsection.4.5}{\376\377\000A\000s\000p\000e\000c\000t\000e\000s\000\040\000d\000e\000s\000t\000a\000c\000a\000b\000l\000e\000s\000\040\000d\000e\000\040\000l\000a\000\040\000i\000m\000p\000l\000e\000m\000e\000n\000t\000a\000c\000i\000\363}{section.4}% 86
\BOOKMARK [3][-]{subsubsection.4.5.1}{\376\377\000F\000u\000n\000c\000i\000o\000n\000s\000\040\000a\000u\000x\000i\000l\000i\000a\000r\000s}{subsection.4.5}% 87
\BOOKMARK [3][-]{subsubsection.4.5.2}{\376\377\000M\000o\000d\000e\000\040\000d\000e\000b\000u\000g}{subsection.4.5}% 88
\BOOKMARK [3][-]{subsubsection.4.5.3}{\376\377\000G\000e\000s\000t\000i\000\363\000\040\000d\000e\000\040\000f\000a\000s\000e\000s\000\040\000a\000m\000b\000\040\000s\000a\000l\000i\000\350\000n\000c\000i\000a}{subsection.4.5}% 89
\BOOKMARK [3][-]{subsubsection.4.5.4}{\376\377\000E\000v\000i\000t\000a\000r\000\040\000d\000i\000s\000p\000a\000r\000s\000\040\000m\000\372\000l\000t\000i\000p\000l\000e\000s\000\040\000a\000m\000b\000\040\000c\000r\000i\000t\000e\000r\000i\000A\000p\000l\000i\000c\000a\000t}{subsection.4.5}% 90
\BOOKMARK [2][-]{subsection.4.6}{\376\377\000D\000i\000f\000i\000c\000u\000l\000t\000a\000t\000s\000\040\000t\000r\000o\000b\000a\000d\000e\000s}{section.4}% 91
\BOOKMARK [3][-]{subsubsection.4.6.1}{\376\377\000G\000e\000s\000t\000i\000\363\000\040\000d\000e\000\040\000l\000a\000\040\000m\000e\000m\000\362\000r\000i\000a}{subsection.4.6}% 92
\BOOKMARK [3][-]{subsubsection.4.6.2}{\376\377\000D\000e\000b\000u\000g\000g\000i\000n\000g\000\040\000d\000e\000\040\000r\000e\000g\000l\000e\000s}{subsection.4.6}% 93
\BOOKMARK [3][-]{subsubsection.4.6.3}{\376\377\000O\000r\000d\000e\000n\000a\000c\000i\000\363\000\040\000e\000n\000\040\000C\000L\000I\000P\000S}{subsection.4.6}% 94
\BOOKMARK [3][-]{subsubsection.4.6.4}{\376\377\000G\000e\000s\000t\000i\000\363\000\040\000d\000e\000\040\000m\000u\000l\000t\000i\000s\000l\000o\000t\000s}{subsection.4.6}% 95
\BOOKMARK [2][-]{subsection.4.7}{\376\377\000A\000r\000q\000u\000i\000t\000e\000c\000t\000u\000r\000a\000\040\000d\000e\000\040\000f\000i\000t\000x\000e\000r\000s}{section.4}% 96
\BOOKMARK [1][-]{section.5}{\376\377\000J\000o\000c\000s\000\040\000d\000e\000\040\000P\000r\000o\000v\000e\000s}{}% 97
\BOOKMARK [2][-]{subsection.5.1}{\376\377\000M\000e\000t\000o\000d\000o\000l\000o\000g\000i\000a\000\040\000d\000e\000\040\000s\000e\000l\000e\000c\000c\000i\000\363\000\040\000d\000e\000l\000s\000\040\000c\000a\000s\000o\000s}{section.5}% 98
\BOOKMARK [2][-]{subsection.5.2}{\376\377\000D\000e\000s\000c\000r\000i\000p\000c\000i\000\363\000\040\000d\000e\000l\000s\000\040\000c\000a\000s\000o\000s\000\040\000d\000e\000\040\000p\000r\000o\000v\000a}{section.5}% 99
\BOOKMARK [3][-]{subsubsection.5.2.1}{\376\377\000C\000a\000s\000\040\0001\000:\000\040\000F\000a\000m\000\355\000l\000i\000a\000\040\000G\000a\000r\000c\000i\000a}{subsection.5.2}% 100
\BOOKMARK [3][-]{subsubsection.5.2.2}{\376\377\000C\000a\000s\000\040\0002\000:\000\040\000G\000r\000u\000p\000\040\000d\000'\000E\000s\000t\000u\000d\000i\000a\000n\000t\000s\000\040\000U\000P\000C}{subsection.5.2}% 101
\BOOKMARK [3][-]{subsubsection.5.2.3}{\376\377\000C\000a\000s\000\040\0003\000:\000\040\000M\000a\000r\000i\000a\000\040\000J\000u\000b\000i\000l\000a\000d\000a}{subsection.5.2}% 102
\BOOKMARK [3][-]{subsubsection.5.2.4}{\376\377\000C\000a\000s\000\040\0004\000:\000\040\000P\000a\000r\000e\000l\000l\000a\000\040\000T\000r\000a\000n\000q\000u\000i\000l\000\267\000l\000a}{subsection.5.2}% 103
\BOOKMARK [3][-]{subsubsection.5.2.5}{\376\377\000C\000a\000s\000\040\0005\000:\000\040\000E\000x\000e\000c\000u\000t\000i\000u\000\040\000Z\000o\000n\000a\000\040\000A\000l\000t\000a}{subsection.5.2}% 104
\BOOKMARK [3][-]{subsubsection.5.2.6}{\376\377\000C\000a\000s\000\040\0006\000:\000\040\000P\000a\000r\000e\000l\000l\000a\000\040\000J\000o\000v\000e}{subsection.5.2}% 105
\BOOKMARK [2][-]{subsection.5.3}{\376\377\000E\000x\000e\000c\000u\000c\000i\000\363\000\040\000i\000\040\000r\000e\000s\000u\000l\000t\000a\000t\000s}{section.5}% 106
\BOOKMARK [3][-]{subsubsection.5.3.1}{\376\377\000R\000e\000s\000u\000l\000t\000a\000t\000\040\000C\000a\000s\000\040\0001\000:\000\040\000F\000a\000m\000\355\000l\000i\000a\000\040\000G\000a\000r\000c\000i\000a}{subsection.5.3}% 107
\BOOKMARK [3][-]{subsubsection.5.3.2}{\376\377\000R\000e\000s\000u\000l\000t\000a\000t\000\040\000C\000a\000s\000\040\0002\000:\000\040\000G\000r\000u\000p\000\040\000d\000'\000E\000s\000t\000u\000d\000i\000a\000n\000t\000s\000\040\000U\000P\000C}{subsection.5.3}% 108
\BOOKMARK [3][-]{subsubsection.5.3.3}{\376\377\000R\000e\000s\000u\000l\000t\000a\000t\000\040\000C\000a\000s\000\040\0003\000:\000\040\000M\000a\000r\000i\000a\000\040\000J\000u\000b\000i\000l\000a\000d\000a}{subsection.5.3}% 109
\BOOKMARK [3][-]{subsubsection.5.3.4}{\376\377\000R\000e\000s\000u\000l\000t\000a\000t\000\040\000C\000a\000s\000\040\0004\000:\000\040\000P\000a\000r\000e\000l\000l\000a\000\040\000T\000r\000a\000n\000q\000u\000i\000l\000\267\000l\000a}{subsection.5.3}% 110
\BOOKMARK [3][-]{subsubsection.5.3.5}{\376\377\000R\000e\000s\000u\000l\000t\000a\000t\000\040\000C\000a\000s\000\040\0005\000:\000\040\000E\000x\000e\000c\000u\000t\000i\000u\000\040\000Z\000o\000n\000a\000\040\000A\000l\000t\000a}{subsection.5.3}% 111
\BOOKMARK [3][-]{subsubsection.5.3.6}{\376\377\000R\000e\000s\000u\000l\000t\000a\000t\000\040\000C\000a\000s\000\040\0006\000:\000\040\000P\000a\000r\000e\000l\000l\000a\000\040\000J\000o\000v\000e}{subsection.5.3}% 112
\BOOKMARK [2][-]{subsection.5.4}{\376\377\000V\000a\000l\000i\000d\000a\000c\000i\000\363\000\040\000d\000e\000\040\000r\000e\000g\000l\000e\000s\000\040\000c\000r\000\355\000t\000i\000q\000u\000e\000s}{section.5}% 113
\BOOKMARK [3][-]{subsubsection.5.4.1}{\376\377\000R\000e\000g\000l\000e\000s\000\040\000d\000'\000i\000n\000f\000e\000r\000\350\000n\000c\000i\000a}{subsection.5.4}% 114
\BOOKMARK [3][-]{subsubsection.5.4.2}{\376\377\000R\000e\000g\000l\000e\000s\000\040\000d\000e\000\040\000d\000e\000s\000c\000a\000r\000t}{subsection.5.4}% 115
\BOOKMARK [3][-]{subsubsection.5.4.3}{\376\377\000R\000e\000g\000l\000e\000s\000\040\000d\000e\000\040\000p\000u\000n\000t\000u\000a\000c\000i\000\363}{subsection.5.4}% 116
\BOOKMARK [2][-]{subsection.5.5}{\376\377\000C\000a\000s\000o\000s\000\040\000l\000\355\000m\000i\000t\000\040\000i\000\040\000s\000i\000t\000u\000a\000c\000i\000o\000n\000s\000\040\000e\000s\000p\000e\000c\000i\000a\000l\000s\000\040\000d\000e\000t\000e\000c\000t\000a\000d\000e\000s}{section.5}% 117
\BOOKMARK [2][-]{subsection.5.6}{\376\377\000C\000o\000n\000c\000l\000u\000s\000i\000o\000n\000s\000\040\000s\000o\000b\000r\000e\000\040\000e\000l\000s\000\040\000j\000o\000c\000s\000\040\000d\000e\000\040\000p\000r\000o\000v\000a}{section.5}% 118
\BOOKMARK [1][-]{section.6}{\376\377\000C\000o\000n\000c\000l\000u\000s\000i\000o\000n\000s}{}% 119
\BOOKMARK [2][-]{subsection.6.1}{\376\377\000A\000s\000s\000o\000l\000i\000m\000e\000n\000t\000\040\000d\000'\000O\000b\000j\000e\000c\000t\000i\000u\000s}{section.6}% 120
\BOOKMARK [2][-]{subsection.6.2}{\376\377\000P\000u\000n\000t\000s\000\040\000F\000o\000r\000t\000s\000\040\000d\000e\000l\000\040\000S\000i\000s\000t\000e\000m\000a}{section.6}% 121
\BOOKMARK [2][-]{subsection.6.3}{\376\377\000L\000i\000m\000i\000t\000a\000c\000i\000o\000n\000s\000\040\000i\000\040\000M\000i\000l\000l\000o\000r\000e\000s\000\040\000F\000u\000t\000u\000r\000e\000s}{section.6}% 122
